{"total": {"lines":{"total":394,"covered":394,"skipped":0,"pct":100},"statements":{"total":472,"covered":471,"skipped":0,"pct":99.78},"functions":{"total":152,"covered":150,"skipped":0,"pct":98.68},"branches":{"total":201,"covered":198,"skipped":0,"pct":98.5},"branchesTrue":{"total":0,"covered":0,"skipped":0,"pct":100}}
,"./core/aggregate.ts": {"lines":{"total":66,"covered":66,"skipped":0,"pct":100},"functions":{"total":20,"covered":20,"skipped":0,"pct":100},"statements":{"total":70,"covered":70,"skipped":0,"pct":100},"branches":{"total":41,"covered":40,"skipped":0,"pct":97.56}}
,"./core/broker.ts": {"lines":{"total":64,"covered":64,"skipped":0,"pct":100},"functions":{"total":21,"covered":21,"skipped":0,"pct":100},"statements":{"total":81,"covered":81,"skipped":0,"pct":100},"branches":{"total":38,"covered":38,"skipped":0,"pct":100}}
,"./core/event-bus.ts": {"lines":{"total":28,"covered":28,"skipped":0,"pct":100},"functions":{"total":11,"covered":10,"skipped":0,"pct":90.9},"statements":{"total":32,"covered":32,"skipped":0,"pct":100},"branches":{"total":4,"covered":4,"skipped":0,"pct":100}}
,"./core/store.ts": {"lines":{"total":112,"covered":112,"skipped":0,"pct":100},"functions":{"total":28,"covered":28,"skipped":0,"pct":100},"statements":{"total":133,"covered":133,"skipped":0,"pct":100},"branches":{"total":67,"covered":65,"skipped":0,"pct":97.01}}
,"./utils/errors.ts": {"lines":{"total":16,"covered":16,"skipped":0,"pct":100},"functions":{"total":5,"covered":5,"skipped":0,"pct":100},"statements":{"total":16,"covered":16,"skipped":0,"pct":100},"branches":{"total":0,"covered":0,"skipped":0,"pct":100}}
,"./utils/fakes.ts": {"lines":{"total":81,"covered":81,"skipped":0,"pct":100},"functions":{"total":58,"covered":57,"skipped":0,"pct":98.27},"statements":{"total":110,"covered":109,"skipped":0,"pct":99.09},"branches":{"total":39,"covered":39,"skipped":0,"pct":100}}
,"./utils/mapObject.ts": {"lines":{"total":3,"covered":3,"skipped":0,"pct":100},"functions":{"total":2,"covered":2,"skipped":0,"pct":100},"statements":{"total":4,"covered":4,"skipped":0,"pct":100},"branches":{"total":0,"covered":0,"skipped":0,"pct":100}}
,"./utils/result.ts": {"lines":{"total":24,"covered":24,"skipped":0,"pct":100},"functions":{"total":7,"covered":7,"skipped":0,"pct":100},"statements":{"total":26,"covered":26,"skipped":0,"pct":100},"branches":{"total":12,"covered":12,"skipped":0,"pct":100}}
}
