{"total": {"lines":{"total":364,"covered":361,"skipped":0,"pct":99.17},"statements":{"total":438,"covered":430,"skipped":0,"pct":98.17},"functions":{"total":149,"covered":146,"skipped":0,"pct":97.98},"branches":{"total":187,"covered":171,"skipped":0,"pct":91.44},"branchesTrue":{"total":0,"covered":0,"skipped":0,"pct":100}}
,"./core/aggregate.ts": {"lines":{"total":57,"covered":57,"skipped":0,"pct":100},"functions":{"total":18,"covered":18,"skipped":0,"pct":100},"statements":{"total":61,"covered":60,"skipped":0,"pct":98.36},"branches":{"total":31,"covered":30,"skipped":0,"pct":96.77}}
,"./core/broker.ts": {"lines":{"total":65,"covered":65,"skipped":0,"pct":100},"functions":{"total":24,"covered":24,"skipped":0,"pct":100},"statements":{"total":83,"covered":82,"skipped":0,"pct":98.79},"branches":{"total":49,"covered":44,"skipped":0,"pct":89.79}}
,"./core/event-bus.ts": {"lines":{"total":28,"covered":28,"skipped":0,"pct":100},"functions":{"total":11,"covered":10,"skipped":0,"pct":90.9},"statements":{"total":32,"covered":32,"skipped":0,"pct":100},"branches":{"total":4,"covered":4,"skipped":0,"pct":100}}
,"./core/store.ts": {"lines":{"total":95,"covered":95,"skipped":0,"pct":100},"functions":{"total":26,"covered":26,"skipped":0,"pct":100},"statements":{"total":113,"covered":111,"skipped":0,"pct":98.23},"branches":{"total":60,"covered":50,"skipped":0,"pct":83.33}}
,"./utils/errors.ts": {"lines":{"total":14,"covered":11,"skipped":0,"pct":78.57},"functions":{"total":4,"covered":3,"skipped":0,"pct":75},"statements":{"total":14,"covered":11,"skipped":0,"pct":78.57},"branches":{"total":0,"covered":0,"skipped":0,"pct":100}}
,"./utils/fakes.ts": {"lines":{"total":78,"covered":78,"skipped":0,"pct":100},"functions":{"total":57,"covered":56,"skipped":0,"pct":98.24},"statements":{"total":105,"covered":104,"skipped":0,"pct":99.04},"branches":{"total":31,"covered":31,"skipped":0,"pct":100}}
,"./utils/mapObject.ts": {"lines":{"total":3,"covered":3,"skipped":0,"pct":100},"functions":{"total":2,"covered":2,"skipped":0,"pct":100},"statements":{"total":4,"covered":4,"skipped":0,"pct":100},"branches":{"total":0,"covered":0,"skipped":0,"pct":100}}
,"./utils/result.ts": {"lines":{"total":24,"covered":24,"skipped":0,"pct":100},"functions":{"total":7,"covered":7,"skipped":0,"pct":100},"statements":{"total":26,"covered":26,"skipped":0,"pct":100},"branches":{"total":12,"covered":12,"skipped":0,"pct":100}}
}
